
*** Running vivado
    with args -log design_prn_PRN_Data_Gen_IP_0_0.vds -m64 -product Vivado -mode batch -messageDb vivado.pb -notrace -source design_prn_PRN_Data_Gen_IP_0_0.tcl


****** Vivado v2019.2 (64-bit)
  **** SW Build 2708876 on Wed Nov  6 21:40:23 MST 2019
  **** IP Build 2700528 on Thu Nov  7 00:09:20 MST 2019
    ** Copyright 1986-2019 Xilinx, Inc. All Rights Reserved.

source design_prn_PRN_Data_Gen_IP_0_0.tcl -notrace
create_project: Time (s): cpu = 00:00:09 ; elapsed = 00:00:10 . Memory (MB): peak = 454.598 ; gain = 134.910
INFO: [IP_Flow 19-234] Refreshing IP repositories
INFO: [IP_Flow 19-1700] Loaded user IP repository 'c:/Users/jasnoorsandhu/XILINX_Projects/OTFS/ip_repo/PRN_Data_Gen_IP_1.0'.
WARNING: [IP_Flow 19-2207] Repository 'c:/Users/jasnoorsandhu/XILINX_Projects/OTFS/ip_repo/PRN_Data_Gen_IP_1.0' already exists; ignoring attempt to add it again.
INFO: [IP_Flow 19-1700] Loaded user IP repository 'c:/Users/jasnoorsandhu/XILINX_Projects/OTFS/ip_repo/PRN_Data_Gen_IP_1.0'.
INFO: [IP_Flow 19-2313] Loaded Vivado IP repository 'C:/Xilinx19/Vivado/2019.2/data/ip'.
Command: synth_design -top design_prn_PRN_Data_Gen_IP_0_0 -part xc7z020clg400-1 -mode out_of_context
Starting synth_design
Attempting to get a license for feature 'Synthesis' and/or device 'xc7z020'
INFO: [Common 17-349] Got license for feature 'Synthesis' and/or device 'xc7z020'
INFO: [Device 21-403] Loading part xc7z020clg400-1
INFO: Launching helper process for spawning children vivado processes
INFO: Helper process launched with PID 8264 
---------------------------------------------------------------------------------
Starting RTL Elaboration : Time (s): cpu = 00:00:15 ; elapsed = 00:00:17 . Memory (MB): peak = 1017.559 ; gain = 234.543
---------------------------------------------------------------------------------
INFO: [Synth 8-6157] synthesizing module 'design_prn_PRN_Data_Gen_IP_0_0' [c:/Users/jasnoorsandhu/XILINX_Projects/OTFS/PRN_Data_Gen/PRN_Data_Gen.srcs/sources_1/bd/design_prn/ip/design_prn_PRN_Data_Gen_IP_0_0/synth/design_prn_PRN_Data_Gen_IP_0_0.v:57]
INFO: [Synth 8-6157] synthesizing module 'PRN_Data_Gen_IP_v1_0' [c:/Users/jasnoorsandhu/XILINX_Projects/OTFS/PRN_Data_Gen/PRN_Data_Gen.srcs/sources_1/bd/design_prn/ipshared/bb58/hdl/PRN_Data_Gen_IP_v1_0.v:4]
	Parameter C_S00_AXI_DATA_WIDTH bound to: 32 - type: integer 
	Parameter C_S00_AXI_ADDR_WIDTH bound to: 4 - type: integer 
INFO: [Synth 8-6157] synthesizing module 'PRN_Data_Gen_IP_v1_0_S00_AXI' [c:/Users/jasnoorsandhu/XILINX_Projects/OTFS/PRN_Data_Gen/PRN_Data_Gen.srcs/sources_1/bd/design_prn/ipshared/bb58/hdl/PRN_Data_Gen_IP_v1_0_S00_AXI.v:4]
	Parameter C_S_AXI_DATA_WIDTH bound to: 32 - type: integer 
	Parameter C_S_AXI_ADDR_WIDTH bound to: 4 - type: integer 
	Parameter ADDR_LSB bound to: 2 - type: integer 
	Parameter OPT_MEM_ADDR_BITS bound to: 1 - type: integer 
INFO: [Synth 8-226] default block is never used [c:/Users/jasnoorsandhu/XILINX_Projects/OTFS/PRN_Data_Gen/PRN_Data_Gen.srcs/sources_1/bd/design_prn/ipshared/bb58/hdl/PRN_Data_Gen_IP_v1_0_S00_AXI.v:365]
INFO: [Synth 8-6155] done synthesizing module 'PRN_Data_Gen_IP_v1_0_S00_AXI' (1#1) [c:/Users/jasnoorsandhu/XILINX_Projects/OTFS/PRN_Data_Gen/PRN_Data_Gen.srcs/sources_1/bd/design_prn/ipshared/bb58/hdl/PRN_Data_Gen_IP_v1_0_S00_AXI.v:4]
INFO: [Synth 8-6155] done synthesizing module 'PRN_Data_Gen_IP_v1_0' (2#1) [c:/Users/jasnoorsandhu/XILINX_Projects/OTFS/PRN_Data_Gen/PRN_Data_Gen.srcs/sources_1/bd/design_prn/ipshared/bb58/hdl/PRN_Data_Gen_IP_v1_0.v:4]
INFO: [Synth 8-6155] done synthesizing module 'design_prn_PRN_Data_Gen_IP_0_0' (3#1) [c:/Users/jasnoorsandhu/XILINX_Projects/OTFS/PRN_Data_Gen/PRN_Data_Gen.srcs/sources_1/bd/design_prn/ip/design_prn_PRN_Data_Gen_IP_0_0/synth/design_prn_PRN_Data_Gen_IP_0_0.v:57]
WARNING: [Synth 8-3331] design PRN_Data_Gen_IP_v1_0_S00_AXI has unconnected port S_AXI_AWPROT[2]
WARNING: [Synth 8-3331] design PRN_Data_Gen_IP_v1_0_S00_AXI has unconnected port S_AXI_AWPROT[1]
WARNING: [Synth 8-3331] design PRN_Data_Gen_IP_v1_0_S00_AXI has unconnected port S_AXI_AWPROT[0]
WARNING: [Synth 8-3331] design PRN_Data_Gen_IP_v1_0_S00_AXI has unconnected port S_AXI_ARPROT[2]
WARNING: [Synth 8-3331] design PRN_Data_Gen_IP_v1_0_S00_AXI has unconnected port S_AXI_ARPROT[1]
WARNING: [Synth 8-3331] design PRN_Data_Gen_IP_v1_0_S00_AXI has unconnected port S_AXI_ARPROT[0]
---------------------------------------------------------------------------------
Finished RTL Elaboration : Time (s): cpu = 00:00:19 ; elapsed = 00:00:22 . Memory (MB): peak = 1092.730 ; gain = 309.715
---------------------------------------------------------------------------------

Report Check Netlist: 
+------+------------------+-------+---------+-------+------------------+
|      |Item              |Errors |Warnings |Status |Description       |
+------+------------------+-------+---------+-------+------------------+
|1     |multi_driven_nets |      0|        0|Passed |Multi driven nets |
+------+------------------+-------+---------+-------+------------------+
---------------------------------------------------------------------------------
Start Handling Custom Attributes
---------------------------------------------------------------------------------
---------------------------------------------------------------------------------
Finished Handling Custom Attributes : Time (s): cpu = 00:00:20 ; elapsed = 00:00:23 . Memory (MB): peak = 1092.730 ; gain = 309.715
---------------------------------------------------------------------------------
---------------------------------------------------------------------------------
Finished RTL Optimization Phase 1 : Time (s): cpu = 00:00:20 ; elapsed = 00:00:23 . Memory (MB): peak = 1092.730 ; gain = 309.715
---------------------------------------------------------------------------------
Netlist sorting complete. Time (s): cpu = 00:00:00 ; elapsed = 00:00:00.019 . Memory (MB): peak = 1092.730 ; gain = 0.000
INFO: [Project 1-570] Preparing netlist for logic optimization

Processing XDC Constraints
Initializing timing engine
Completed Processing XDC Constraints

Netlist sorting complete. Time (s): cpu = 00:00:00 ; elapsed = 00:00:00 . Memory (MB): peak = 1184.590 ; gain = 0.000
INFO: [Project 1-111] Unisim Transformation Summary:
No Unisim elements were transformed.

WARNING: [Constraints 18-5210] No constraints selected for write.
Resolution: This message can indicate that there are no constraints for the design, or it can indicate that the used_in flags are set such that the constraints are ignored. This later case is used when running synth_design to not write synthesis constraints to the resulting checkpoint. Instead, project constraints are read when the synthesized design is opened.
Constraint Validation Runtime : Time (s): cpu = 00:00:00 ; elapsed = 00:00:00.357 . Memory (MB): peak = 1186.566 ; gain = 1.977
---------------------------------------------------------------------------------
Finished Constraint Validation : Time (s): cpu = 00:00:42 ; elapsed = 00:00:47 . Memory (MB): peak = 1186.566 ; gain = 403.551
---------------------------------------------------------------------------------
---------------------------------------------------------------------------------
Start Loading Part and Timing Information
---------------------------------------------------------------------------------
Loading part: xc7z020clg400-1
---------------------------------------------------------------------------------
Finished Loading Part and Timing Information : Time (s): cpu = 00:00:42 ; elapsed = 00:00:47 . Memory (MB): peak = 1186.566 ; gain = 403.551
---------------------------------------------------------------------------------
---------------------------------------------------------------------------------
Start Applying 'set_property' XDC Constraints
---------------------------------------------------------------------------------
---------------------------------------------------------------------------------
Finished applying 'set_property' XDC Constraints : Time (s): cpu = 00:00:42 ; elapsed = 00:00:47 . Memory (MB): peak = 1186.566 ; gain = 403.551
---------------------------------------------------------------------------------
---------------------------------------------------------------------------------
Finished RTL Optimization Phase 2 : Time (s): cpu = 00:00:42 ; elapsed = 00:00:48 . Memory (MB): peak = 1186.566 ; gain = 403.551
---------------------------------------------------------------------------------

Report RTL Partitions: 
+-+--------------+------------+----------+
| |RTL Partition |Replication |Instances |
+-+--------------+------------+----------+
+-+--------------+------------+----------+
---------------------------------------------------------------------------------
Start RTL Component Statistics 
---------------------------------------------------------------------------------
Detailed RTL Component Info : 
+---Adders : 
	   2 Input     32 Bit       Adders := 1     
+---Registers : 
	               32 Bit    Registers := 5     
	                4 Bit    Registers := 2     
	                2 Bit    Registers := 2     
	                1 Bit    Registers := 6     
+---Muxes : 
	   2 Input     32 Bit        Muxes := 3     
	   4 Input     32 Bit        Muxes := 4     
	   2 Input      1 Bit        Muxes := 5     
---------------------------------------------------------------------------------
Finished RTL Component Statistics 
---------------------------------------------------------------------------------
---------------------------------------------------------------------------------
Start RTL Hierarchical Component Statistics 
---------------------------------------------------------------------------------
Hierarchical RTL Component report 
Module PRN_Data_Gen_IP_v1_0_S00_AXI 
Detailed RTL Component Info : 
+---Adders : 
	   2 Input     32 Bit       Adders := 1     
+---Registers : 
	               32 Bit    Registers := 5     
	                4 Bit    Registers := 2     
	                2 Bit    Registers := 2     
	                1 Bit    Registers := 6     
+---Muxes : 
	   2 Input     32 Bit        Muxes := 3     
	   4 Input     32 Bit        Muxes := 4     
	   2 Input      1 Bit        Muxes := 5     
---------------------------------------------------------------------------------
Finished RTL Hierarchical Component Statistics
---------------------------------------------------------------------------------
---------------------------------------------------------------------------------
Start Part Resource Summary
---------------------------------------------------------------------------------
Part Resources:
DSPs: 220 (col length:60)
BRAMs: 280 (col length: RAMB18 60 RAMB36 30)
---------------------------------------------------------------------------------
Finished Part Resource Summary
---------------------------------------------------------------------------------
---------------------------------------------------------------------------------
Start Cross Boundary and Area Optimization
---------------------------------------------------------------------------------
Warning: Parallel synthesis criteria is not met 
WARNING: [Synth 8-3331] design design_prn_PRN_Data_Gen_IP_0_0 has unconnected port s00_axi_awprot[2]
WARNING: [Synth 8-3331] design design_prn_PRN_Data_Gen_IP_0_0 has unconnected port s00_axi_awprot[1]
WARNING: [Synth 8-3331] design design_prn_PRN_Data_Gen_IP_0_0 has unconnected port s00_axi_awprot[0]
WARNING: [Synth 8-3331] design design_prn_PRN_Data_Gen_IP_0_0 has unconnected port s00_axi_arprot[2]
WARNING: [Synth 8-3331] design design_prn_PRN_Data_Gen_IP_0_0 has unconnected port s00_axi_arprot[1]
WARNING: [Synth 8-3331] design design_prn_PRN_Data_Gen_IP_0_0 has unconnected port s00_axi_arprot[0]
INFO: [Synth 8-3886] merging instance 'inst/PRN_Data_Gen_IP_v1_0_S00_AXI_inst/axi_rresp_reg[0]' (FDRE) to 'inst/PRN_Data_Gen_IP_v1_0_S00_AXI_inst/axi_rresp_reg[1]'
INFO: [Synth 8-3333] propagating constant 0 across sequential element (\inst/PRN_Data_Gen_IP_v1_0_S00_AXI_inst/axi_rresp_reg[1] )
INFO: [Synth 8-3886] merging instance 'inst/PRN_Data_Gen_IP_v1_0_S00_AXI_inst/axi_bresp_reg[0]' (FDRE) to 'inst/PRN_Data_Gen_IP_v1_0_S00_AXI_inst/axi_bresp_reg[1]'
INFO: [Synth 8-3333] propagating constant 0 across sequential element (\inst/PRN_Data_Gen_IP_v1_0_S00_AXI_inst/axi_bresp_reg[1] )
CRITICAL WARNING: [Synth 8-6859] multi-driven net on pin Q with 1st driver pin 'inst/PRN_Data_Gen_IP_v1_0_S00_AXI_inst/slv_reg2_reg[31]/Q' [c:/Users/jasnoorsandhu/XILINX_Projects/OTFS/PRN_Data_Gen/PRN_Data_Gen.srcs/sources_1/bd/design_prn/ipshared/bb58/hdl/PRN_Data_Gen_IP_v1_0_S00_AXI.v:225]
CRITICAL WARNING: [Synth 8-6859] multi-driven net on pin Q with 2nd driver pin 'GND' [c:/Users/jasnoorsandhu/XILINX_Projects/OTFS/PRN_Data_Gen/PRN_Data_Gen.srcs/sources_1/bd/design_prn/ipshared/bb58/hdl/PRN_Data_Gen_IP_v1_0_S00_AXI.v:225]
CRITICAL WARNING: [Synth 8-6858] multi-driven net Q is connected to at least one constant driver which has been preserved, other driver is ignored [c:/Users/jasnoorsandhu/XILINX_Projects/OTFS/PRN_Data_Gen/PRN_Data_Gen.srcs/sources_1/bd/design_prn/ipshared/bb58/hdl/PRN_Data_Gen_IP_v1_0_S00_AXI.v:225]
CRITICAL WARNING: [Synth 8-6859] multi-driven net on pin Q with 1st driver pin 'inst/PRN_Data_Gen_IP_v1_0_S00_AXI_inst/slv_reg2_reg[30]/Q' [c:/Users/jasnoorsandhu/XILINX_Projects/OTFS/PRN_Data_Gen/PRN_Data_Gen.srcs/sources_1/bd/design_prn/ipshared/bb58/hdl/PRN_Data_Gen_IP_v1_0_S00_AXI.v:225]
CRITICAL WARNING: [Synth 8-6859] multi-driven net on pin Q with 2nd driver pin 'GND' [c:/Users/jasnoorsandhu/XILINX_Projects/OTFS/PRN_Data_Gen/PRN_Data_Gen.srcs/sources_1/bd/design_prn/ipshared/bb58/hdl/PRN_Data_Gen_IP_v1_0_S00_AXI.v:225]
CRITICAL WARNING: [Synth 8-6858] multi-driven net Q is connected to at least one constant driver which has been preserved, other driver is ignored [c:/Users/jasnoorsandhu/XILINX_Projects/OTFS/PRN_Data_Gen/PRN_Data_Gen.srcs/sources_1/bd/design_prn/ipshared/bb58/hdl/PRN_Data_Gen_IP_v1_0_S00_AXI.v:225]
CRITICAL WARNING: [Synth 8-6859] multi-driven net on pin Q with 1st driver pin 'inst/PRN_Data_Gen_IP_v1_0_S00_AXI_inst/slv_reg2_reg[29]/Q' [c:/Users/jasnoorsandhu/XILINX_Projects/OTFS/PRN_Data_Gen/PRN_Data_Gen.srcs/sources_1/bd/design_prn/ipshared/bb58/hdl/PRN_Data_Gen_IP_v1_0_S00_AXI.v:225]
CRITICAL WARNING: [Synth 8-6859] multi-driven net on pin Q with 2nd driver pin 'GND' [c:/Users/jasnoorsandhu/XILINX_Projects/OTFS/PRN_Data_Gen/PRN_Data_Gen.srcs/sources_1/bd/design_prn/ipshared/bb58/hdl/PRN_Data_Gen_IP_v1_0_S00_AXI.v:225]
CRITICAL WARNING: [Synth 8-6858] multi-driven net Q is connected to at least one constant driver which has been preserved, other driver is ignored [c:/Users/jasnoorsandhu/XILINX_Projects/OTFS/PRN_Data_Gen/PRN_Data_Gen.srcs/sources_1/bd/design_prn/ipshared/bb58/hdl/PRN_Data_Gen_IP_v1_0_S00_AXI.v:225]
CRITICAL WARNING: [Synth 8-6859] multi-driven net on pin Q with 1st driver pin 'inst/PRN_Data_Gen_IP_v1_0_S00_AXI_inst/slv_reg2_reg[28]/Q' [c:/Users/jasnoorsandhu/XILINX_Projects/OTFS/PRN_Data_Gen/PRN_Data_Gen.srcs/sources_1/bd/design_prn/ipshared/bb58/hdl/PRN_Data_Gen_IP_v1_0_S00_AXI.v:225]
CRITICAL WARNING: [Synth 8-6859] multi-driven net on pin Q with 2nd driver pin 'GND' [c:/Users/jasnoorsandhu/XILINX_Projects/OTFS/PRN_Data_Gen/PRN_Data_Gen.srcs/sources_1/bd/design_prn/ipshared/bb58/hdl/PRN_Data_Gen_IP_v1_0_S00_AXI.v:225]
CRITICAL WARNING: [Synth 8-6858] multi-driven net Q is connected to at least one constant driver which has been preserved, other driver is ignored [c:/Users/jasnoorsandhu/XILINX_Projects/OTFS/PRN_Data_Gen/PRN_Data_Gen.srcs/sources_1/bd/design_prn/ipshared/bb58/hdl/PRN_Data_Gen_IP_v1_0_S00_AXI.v:225]
CRITICAL WARNING: [Synth 8-6859] multi-driven net on pin Q with 1st driver pin 'inst/PRN_Data_Gen_IP_v1_0_S00_AXI_inst/slv_reg2_reg[27]/Q' [c:/Users/jasnoorsandhu/XILINX_Projects/OTFS/PRN_Data_Gen/PRN_Data_Gen.srcs/sources_1/bd/design_prn/ipshared/bb58/hdl/PRN_Data_Gen_IP_v1_0_S00_AXI.v:225]
CRITICAL WARNING: [Synth 8-6859] multi-driven net on pin Q with 2nd driver pin 'GND' [c:/Users/jasnoorsandhu/XILINX_Projects/OTFS/PRN_Data_Gen/PRN_Data_Gen.srcs/sources_1/bd/design_prn/ipshared/bb58/hdl/PRN_Data_Gen_IP_v1_0_S00_AXI.v:225]
CRITICAL WARNING: [Synth 8-6858] multi-driven net Q is connected to at least one constant driver which has been preserved, other driver is ignored [c:/Users/jasnoorsandhu/XILINX_Projects/OTFS/PRN_Data_Gen/PRN_Data_Gen.srcs/sources_1/bd/design_prn/ipshared/bb58/hdl/PRN_Data_Gen_IP_v1_0_S00_AXI.v:225]
CRITICAL WARNING: [Synth 8-6859] multi-driven net on pin Q with 1st driver pin 'inst/PRN_Data_Gen_IP_v1_0_S00_AXI_inst/slv_reg2_reg[26]/Q' [c:/Users/jasnoorsandhu/XILINX_Projects/OTFS/PRN_Data_Gen/PRN_Data_Gen.srcs/sources_1/bd/design_prn/ipshared/bb58/hdl/PRN_Data_Gen_IP_v1_0_S00_AXI.v:225]
CRITICAL WARNING: [Synth 8-6859] multi-driven net on pin Q with 2nd driver pin 'GND' [c:/Users/jasnoorsandhu/XILINX_Projects/OTFS/PRN_Data_Gen/PRN_Data_Gen.srcs/sources_1/bd/design_prn/ipshared/bb58/hdl/PRN_Data_Gen_IP_v1_0_S00_AXI.v:225]
CRITICAL WARNING: [Synth 8-6858] multi-driven net Q is connected to at least one constant driver which has been preserved, other driver is ignored [c:/Users/jasnoorsandhu/XILINX_Projects/OTFS/PRN_Data_Gen/PRN_Data_Gen.srcs/sources_1/bd/design_prn/ipshared/bb58/hdl/PRN_Data_Gen_IP_v1_0_S00_AXI.v:225]
CRITICAL WARNING: [Synth 8-6859] multi-driven net on pin Q with 1st driver pin 'inst/PRN_Data_Gen_IP_v1_0_S00_AXI_inst/slv_reg2_reg[25]/Q' [c:/Users/jasnoorsandhu/XILINX_Projects/OTFS/PRN_Data_Gen/PRN_Data_Gen.srcs/sources_1/bd/design_prn/ipshared/bb58/hdl/PRN_Data_Gen_IP_v1_0_S00_AXI.v:225]
CRITICAL WARNING: [Synth 8-6859] multi-driven net on pin Q with 2nd driver pin 'GND' [c:/Users/jasnoorsandhu/XILINX_Projects/OTFS/PRN_Data_Gen/PRN_Data_Gen.srcs/sources_1/bd/design_prn/ipshared/bb58/hdl/PRN_Data_Gen_IP_v1_0_S00_AXI.v:225]
CRITICAL WARNING: [Synth 8-6858] multi-driven net Q is connected to at least one constant driver which has been preserved, other driver is ignored [c:/Users/jasnoorsandhu/XILINX_Projects/OTFS/PRN_Data_Gen/PRN_Data_Gen.srcs/sources_1/bd/design_prn/ipshared/bb58/hdl/PRN_Data_Gen_IP_v1_0_S00_AXI.v:225]
CRITICAL WARNING: [Synth 8-6859] multi-driven net on pin Q with 1st driver pin 'inst/PRN_Data_Gen_IP_v1_0_S00_AXI_inst/slv_reg2_reg[24]/Q' [c:/Users/jasnoorsandhu/XILINX_Projects/OTFS/PRN_Data_Gen/PRN_Data_Gen.srcs/sources_1/bd/design_prn/ipshared/bb58/hdl/PRN_Data_Gen_IP_v1_0_S00_AXI.v:225]
CRITICAL WARNING: [Synth 8-6859] multi-driven net on pin Q with 2nd driver pin 'GND' [c:/Users/jasnoorsandhu/XILINX_Projects/OTFS/PRN_Data_Gen/PRN_Data_Gen.srcs/sources_1/bd/design_prn/ipshared/bb58/hdl/PRN_Data_Gen_IP_v1_0_S00_AXI.v:225]
CRITICAL WARNING: [Synth 8-6858] multi-driven net Q is connected to at least one constant driver which has been preserved, other driver is ignored [c:/Users/jasnoorsandhu/XILINX_Projects/OTFS/PRN_Data_Gen/PRN_Data_Gen.srcs/sources_1/bd/design_prn/ipshared/bb58/hdl/PRN_Data_Gen_IP_v1_0_S00_AXI.v:225]
CRITICAL WARNING: [Synth 8-6859] multi-driven net on pin Q with 1st driver pin 'inst/PRN_Data_Gen_IP_v1_0_S00_AXI_inst/slv_reg2_reg[23]/Q' [c:/Users/jasnoorsandhu/XILINX_Projects/OTFS/PRN_Data_Gen/PRN_Data_Gen.srcs/sources_1/bd/design_prn/ipshared/bb58/hdl/PRN_Data_Gen_IP_v1_0_S00_AXI.v:225]
CRITICAL WARNING: [Synth 8-6859] multi-driven net on pin Q with 2nd driver pin 'GND' [c:/Users/jasnoorsandhu/XILINX_Projects/OTFS/PRN_Data_Gen/PRN_Data_Gen.srcs/sources_1/bd/design_prn/ipshared/bb58/hdl/PRN_Data_Gen_IP_v1_0_S00_AXI.v:225]
CRITICAL WARNING: [Synth 8-6858] multi-driven net Q is connected to at least one constant driver which has been preserved, other driver is ignored [c:/Users/jasnoorsandhu/XILINX_Projects/OTFS/PRN_Data_Gen/PRN_Data_Gen.srcs/sources_1/bd/design_prn/ipshared/bb58/hdl/PRN_Data_Gen_IP_v1_0_S00_AXI.v:225]
CRITICAL WARNING: [Synth 8-6859] multi-driven net on pin Q with 1st driver pin 'inst/PRN_Data_Gen_IP_v1_0_S00_AXI_inst/slv_reg2_reg[22]/Q' [c:/Users/jasnoorsandhu/XILINX_Projects/OTFS/PRN_Data_Gen/PRN_Data_Gen.srcs/sources_1/bd/design_prn/ipshared/bb58/hdl/PRN_Data_Gen_IP_v1_0_S00_AXI.v:225]
CRITICAL WARNING: [Synth 8-6859] multi-driven net on pin Q with 2nd driver pin 'GND' [c:/Users/jasnoorsandhu/XILINX_Projects/OTFS/PRN_Data_Gen/PRN_Data_Gen.srcs/sources_1/bd/design_prn/ipshared/bb58/hdl/PRN_Data_Gen_IP_v1_0_S00_AXI.v:225]
CRITICAL WARNING: [Synth 8-6858] multi-driven net Q is connected to at least one constant driver which has been preserved, other driver is ignored [c:/Users/jasnoorsandhu/XILINX_Projects/OTFS/PRN_Data_Gen/PRN_Data_Gen.srcs/sources_1/bd/design_prn/ipshared/bb58/hdl/PRN_Data_Gen_IP_v1_0_S00_AXI.v:225]
CRITICAL WARNING: [Synth 8-6859] multi-driven net on pin Q with 1st driver pin 'inst/PRN_Data_Gen_IP_v1_0_S00_AXI_inst/slv_reg2_reg[21]/Q' [c:/Users/jasnoorsandhu/XILINX_Projects/OTFS/PRN_Data_Gen/PRN_Data_Gen.srcs/sources_1/bd/design_prn/ipshared/bb58/hdl/PRN_Data_Gen_IP_v1_0_S00_AXI.v:225]
CRITICAL WARNING: [Synth 8-6859] multi-driven net on pin Q with 2nd driver pin 'GND' [c:/Users/jasnoorsandhu/XILINX_Projects/OTFS/PRN_Data_Gen/PRN_Data_Gen.srcs/sources_1/bd/design_prn/ipshared/bb58/hdl/PRN_Data_Gen_IP_v1_0_S00_AXI.v:225]
CRITICAL WARNING: [Synth 8-6858] multi-driven net Q is connected to at least one constant driver which has been preserved, other driver is ignored [c:/Users/jasnoorsandhu/XILINX_Projects/OTFS/PRN_Data_Gen/PRN_Data_Gen.srcs/sources_1/bd/design_prn/ipshared/bb58/hdl/PRN_Data_Gen_IP_v1_0_S00_AXI.v:225]
CRITICAL WARNING: [Synth 8-6859] multi-driven net on pin Q with 1st driver pin 'inst/PRN_Data_Gen_IP_v1_0_S00_AXI_inst/slv_reg2_reg[20]/Q' [c:/Users/jasnoorsandhu/XILINX_Projects/OTFS/PRN_Data_Gen/PRN_Data_Gen.srcs/sources_1/bd/design_prn/ipshared/bb58/hdl/PRN_Data_Gen_IP_v1_0_S00_AXI.v:225]
CRITICAL WARNING: [Synth 8-6859] multi-driven net on pin Q with 2nd driver pin 'GND' [c:/Users/jasnoorsandhu/XILINX_Projects/OTFS/PRN_Data_Gen/PRN_Data_Gen.srcs/sources_1/bd/design_prn/ipshared/bb58/hdl/PRN_Data_Gen_IP_v1_0_S00_AXI.v:225]
CRITICAL WARNING: [Synth 8-6858] multi-driven net Q is connected to at least one constant driver which has been preserved, other driver is ignored [c:/Users/jasnoorsandhu/XILINX_Projects/OTFS/PRN_Data_Gen/PRN_Data_Gen.srcs/sources_1/bd/design_prn/ipshared/bb58/hdl/PRN_Data_Gen_IP_v1_0_S00_AXI.v:225]
CRITICAL WARNING: [Synth 8-6859] multi-driven net on pin Q with 1st driver pin 'inst/PRN_Data_Gen_IP_v1_0_S00_AXI_inst/slv_reg2_reg[19]/Q' [c:/Users/jasnoorsandhu/XILINX_Projects/OTFS/PRN_Data_Gen/PRN_Data_Gen.srcs/sources_1/bd/design_prn/ipshared/bb58/hdl/PRN_Data_Gen_IP_v1_0_S00_AXI.v:225]
CRITICAL WARNING: [Synth 8-6859] multi-driven net on pin Q with 2nd driver pin 'GND' [c:/Users/jasnoorsandhu/XILINX_Projects/OTFS/PRN_Data_Gen/PRN_Data_Gen.srcs/sources_1/bd/design_prn/ipshared/bb58/hdl/PRN_Data_Gen_IP_v1_0_S00_AXI.v:225]
CRITICAL WARNING: [Synth 8-6858] multi-driven net Q is connected to at least one constant driver which has been preserved, other driver is ignored [c:/Users/jasnoorsandhu/XILINX_Projects/OTFS/PRN_Data_Gen/PRN_Data_Gen.srcs/sources_1/bd/design_prn/ipshared/bb58/hdl/PRN_Data_Gen_IP_v1_0_S00_AXI.v:225]
CRITICAL WARNING: [Synth 8-6859] multi-driven net on pin Q with 1st driver pin 'inst/PRN_Data_Gen_IP_v1_0_S00_AXI_inst/slv_reg2_reg[18]/Q' [c:/Users/jasnoorsandhu/XILINX_Projects/OTFS/PRN_Data_Gen/PRN_Data_Gen.srcs/sources_1/bd/design_prn/ipshared/bb58/hdl/PRN_Data_Gen_IP_v1_0_S00_AXI.v:225]
CRITICAL WARNING: [Synth 8-6859] multi-driven net on pin Q with 2nd driver pin 'GND' [c:/Users/jasnoorsandhu/XILINX_Projects/OTFS/PRN_Data_Gen/PRN_Data_Gen.srcs/sources_1/bd/design_prn/ipshared/bb58/hdl/PRN_Data_Gen_IP_v1_0_S00_AXI.v:225]
CRITICAL WARNING: [Synth 8-6858] multi-driven net Q is connected to at least one constant driver which has been preserved, other driver is ignored [c:/Users/jasnoorsandhu/XILINX_Projects/OTFS/PRN_Data_Gen/PRN_Data_Gen.srcs/sources_1/bd/design_prn/ipshared/bb58/hdl/PRN_Data_Gen_IP_v1_0_S00_AXI.v:225]
CRITICAL WARNING: [Synth 8-6859] multi-driven net on pin Q with 1st driver pin 'inst/PRN_Data_Gen_IP_v1_0_S00_AXI_inst/slv_reg2_reg[17]/Q' [c:/Users/jasnoorsandhu/XILINX_Projects/OTFS/PRN_Data_Gen/PRN_Data_Gen.srcs/sources_1/bd/design_prn/ipshared/bb58/hdl/PRN_Data_Gen_IP_v1_0_S00_AXI.v:225]
CRITICAL WARNING: [Synth 8-6859] multi-driven net on pin Q with 2nd driver pin 'GND' [c:/Users/jasnoorsandhu/XILINX_Projects/OTFS/PRN_Data_Gen/PRN_Data_Gen.srcs/sources_1/bd/design_prn/ipshared/bb58/hdl/PRN_Data_Gen_IP_v1_0_S00_AXI.v:225]
CRITICAL WARNING: [Synth 8-6858] multi-driven net Q is connected to at least one constant driver which has been preserved, other driver is ignored [c:/Users/jasnoorsandhu/XILINX_Projects/OTFS/PRN_Data_Gen/PRN_Data_Gen.srcs/sources_1/bd/design_prn/ipshared/bb58/hdl/PRN_Data_Gen_IP_v1_0_S00_AXI.v:225]
CRITICAL WARNING: [Synth 8-6859] multi-driven net on pin Q with 1st driver pin 'inst/PRN_Data_Gen_IP_v1_0_S00_AXI_inst/slv_reg2_reg[16]/Q' [c:/Users/jasnoorsandhu/XILINX_Projects/OTFS/PRN_Data_Gen/PRN_Data_Gen.srcs/sources_1/bd/design_prn/ipshared/bb58/hdl/PRN_Data_Gen_IP_v1_0_S00_AXI.v:225]
CRITICAL WARNING: [Synth 8-6859] multi-driven net on pin Q with 2nd driver pin 'GND' [c:/Users/jasnoorsandhu/XILINX_Projects/OTFS/PRN_Data_Gen/PRN_Data_Gen.srcs/sources_1/bd/design_prn/ipshared/bb58/hdl/PRN_Data_Gen_IP_v1_0_S00_AXI.v:225]
CRITICAL WARNING: [Synth 8-6858] multi-driven net Q is connected to at least one constant driver which has been preserved, other driver is ignored [c:/Users/jasnoorsandhu/XILINX_Projects/OTFS/PRN_Data_Gen/PRN_Data_Gen.srcs/sources_1/bd/design_prn/ipshared/bb58/hdl/PRN_Data_Gen_IP_v1_0_S00_AXI.v:225]
CRITICAL WARNING: [Synth 8-6859] multi-driven net on pin Q with 1st driver pin 'inst/PRN_Data_Gen_IP_v1_0_S00_AXI_inst/slv_reg2_reg[15]/Q' [c:/Users/jasnoorsandhu/XILINX_Projects/OTFS/PRN_Data_Gen/PRN_Data_Gen.srcs/sources_1/bd/design_prn/ipshared/bb58/hdl/PRN_Data_Gen_IP_v1_0_S00_AXI.v:225]
CRITICAL WARNING: [Synth 8-6859] multi-driven net on pin Q with 2nd driver pin 'GND' [c:/Users/jasnoorsandhu/XILINX_Projects/OTFS/PRN_Data_Gen/PRN_Data_Gen.srcs/sources_1/bd/design_prn/ipshared/bb58/hdl/PRN_Data_Gen_IP_v1_0_S00_AXI.v:225]
CRITICAL WARNING: [Synth 8-6858] multi-driven net Q is connected to at least one constant driver which has been preserved, other driver is ignored [c:/Users/jasnoorsandhu/XILINX_Projects/OTFS/PRN_Data_Gen/PRN_Data_Gen.srcs/sources_1/bd/design_prn/ipshared/bb58/hdl/PRN_Data_Gen_IP_v1_0_S00_AXI.v:225]
CRITICAL WARNING: [Synth 8-6859] multi-driven net on pin Q with 1st driver pin 'inst/PRN_Data_Gen_IP_v1_0_S00_AXI_inst/slv_reg2_reg[14]/Q' [c:/Users/jasnoorsandhu/XILINX_Projects/OTFS/PRN_Data_Gen/PRN_Data_Gen.srcs/sources_1/bd/design_prn/ipshared/bb58/hdl/PRN_Data_Gen_IP_v1_0_S00_AXI.v:225]
CRITICAL WARNING: [Synth 8-6859] multi-driven net on pin Q with 2nd driver pin 'GND' [c:/Users/jasnoorsandhu/XILINX_Projects/OTFS/PRN_Data_Gen/PRN_Data_Gen.srcs/sources_1/bd/design_prn/ipshared/bb58/hdl/PRN_Data_Gen_IP_v1_0_S00_AXI.v:225]
CRITICAL WARNING: [Synth 8-6858] multi-driven net Q is connected to at least one constant driver which has been preserved, other driver is ignored [c:/Users/jasnoorsandhu/XILINX_Projects/OTFS/PRN_Data_Gen/PRN_Data_Gen.srcs/sources_1/bd/design_prn/ipshared/bb58/hdl/PRN_Data_Gen_IP_v1_0_S00_AXI.v:225]
CRITICAL WARNING: [Synth 8-6859] multi-driven net on pin Q with 1st driver pin 'inst/PRN_Data_Gen_IP_v1_0_S00_AXI_inst/slv_reg2_reg[13]/Q' [c:/Users/jasnoorsandhu/XILINX_Projects/OTFS/PRN_Data_Gen/PRN_Data_Gen.srcs/sources_1/bd/design_prn/ipshared/bb58/hdl/PRN_Data_Gen_IP_v1_0_S00_AXI.v:225]
CRITICAL WARNING: [Synth 8-6859] multi-driven net on pin Q with 2nd driver pin 'GND' [c:/Users/jasnoorsandhu/XILINX_Projects/OTFS/PRN_Data_Gen/PRN_Data_Gen.srcs/sources_1/bd/design_prn/ipshared/bb58/hdl/PRN_Data_Gen_IP_v1_0_S00_AXI.v:225]
CRITICAL WARNING: [Synth 8-6858] multi-driven net Q is connected to at least one constant driver which has been preserved, other driver is ignored [c:/Users/jasnoorsandhu/XILINX_Projects/OTFS/PRN_Data_Gen/PRN_Data_Gen.srcs/sources_1/bd/design_prn/ipshared/bb58/hdl/PRN_Data_Gen_IP_v1_0_S00_AXI.v:225]
CRITICAL WARNING: [Synth 8-6859] multi-driven net on pin Q with 1st driver pin 'inst/PRN_Data_Gen_IP_v1_0_S00_AXI_inst/slv_reg2_reg[12]/Q' [c:/Users/jasnoorsandhu/XILINX_Projects/OTFS/PRN_Data_Gen/PRN_Data_Gen.srcs/sources_1/bd/design_prn/ipshared/bb58/hdl/PRN_Data_Gen_IP_v1_0_S00_AXI.v:225]
CRITICAL WARNING: [Synth 8-6859] multi-driven net on pin Q with 2nd driver pin 'GND' [c:/Users/jasnoorsandhu/XILINX_Projects/OTFS/PRN_Data_Gen/PRN_Data_Gen.srcs/sources_1/bd/design_prn/ipshared/bb58/hdl/PRN_Data_Gen_IP_v1_0_S00_AXI.v:225]
CRITICAL WARNING: [Synth 8-6858] multi-driven net Q is connected to at least one constant driver which has been preserved, other driver is ignored [c:/Users/jasnoorsandhu/XILINX_Projects/OTFS/PRN_Data_Gen/PRN_Data_Gen.srcs/sources_1/bd/design_prn/ipshared/bb58/hdl/PRN_Data_Gen_IP_v1_0_S00_AXI.v:225]
CRITICAL WARNING: [Synth 8-6859] multi-driven net on pin Q with 1st driver pin 'inst/PRN_Data_Gen_IP_v1_0_S00_AXI_inst/slv_reg2_reg[11]/Q' [c:/Users/jasnoorsandhu/XILINX_Projects/OTFS/PRN_Data_Gen/PRN_Data_Gen.srcs/sources_1/bd/design_prn/ipshared/bb58/hdl/PRN_Data_Gen_IP_v1_0_S00_AXI.v:225]
CRITICAL WARNING: [Synth 8-6859] multi-driven net on pin Q with 2nd driver pin 'GND' [c:/Users/jasnoorsandhu/XILINX_Projects/OTFS/PRN_Data_Gen/PRN_Data_Gen.srcs/sources_1/bd/design_prn/ipshared/bb58/hdl/PRN_Data_Gen_IP_v1_0_S00_AXI.v:225]
CRITICAL WARNING: [Synth 8-6858] multi-driven net Q is connected to at least one constant driver which has been preserved, other driver is ignored [c:/Users/jasnoorsandhu/XILINX_Projects/OTFS/PRN_Data_Gen/PRN_Data_Gen.srcs/sources_1/bd/design_prn/ipshared/bb58/hdl/PRN_Data_Gen_IP_v1_0_S00_AXI.v:225]
CRITICAL WARNING: [Synth 8-6859] multi-driven net on pin Q with 1st driver pin 'inst/PRN_Data_Gen_IP_v1_0_S00_AXI_inst/slv_reg2_reg[10]/Q' [c:/Users/jasnoorsandhu/XILINX_Projects/OTFS/PRN_Data_Gen/PRN_Data_Gen.srcs/sources_1/bd/design_prn/ipshared/bb58/hdl/PRN_Data_Gen_IP_v1_0_S00_AXI.v:225]
CRITICAL WARNING: [Synth 8-6859] multi-driven net on pin Q with 2nd driver pin 'GND' [c:/Users/jasnoorsandhu/XILINX_Projects/OTFS/PRN_Data_Gen/PRN_Data_Gen.srcs/sources_1/bd/design_prn/ipshared/bb58/hdl/PRN_Data_Gen_IP_v1_0_S00_AXI.v:225]
CRITICAL WARNING: [Synth 8-6858] multi-driven net Q is connected to at least one constant driver which has been preserved, other driver is ignored [c:/Users/jasnoorsandhu/XILINX_Projects/OTFS/PRN_Data_Gen/PRN_Data_Gen.srcs/sources_1/bd/design_prn/ipshared/bb58/hdl/PRN_Data_Gen_IP_v1_0_S00_AXI.v:225]
CRITICAL WARNING: [Synth 8-6859] multi-driven net on pin Q with 1st driver pin 'inst/PRN_Data_Gen_IP_v1_0_S00_AXI_inst/slv_reg2_reg[9]/Q' [c:/Users/jasnoorsandhu/XILINX_Projects/OTFS/PRN_Data_Gen/PRN_Data_Gen.srcs/sources_1/bd/design_prn/ipshared/bb58/hdl/PRN_Data_Gen_IP_v1_0_S00_AXI.v:225]
CRITICAL WARNING: [Synth 8-6859] multi-driven net on pin Q with 2nd driver pin 'GND' [c:/Users/jasnoorsandhu/XILINX_Projects/OTFS/PRN_Data_Gen/PRN_Data_Gen.srcs/sources_1/bd/design_prn/ipshared/bb58/hdl/PRN_Data_Gen_IP_v1_0_S00_AXI.v:225]
CRITICAL WARNING: [Synth 8-6858] multi-driven net Q is connected to at least one constant driver which has been preserved, other driver is ignored [c:/Users/jasnoorsandhu/XILINX_Projects/OTFS/PRN_Data_Gen/PRN_Data_Gen.srcs/sources_1/bd/design_prn/ipshared/bb58/hdl/PRN_Data_Gen_IP_v1_0_S00_AXI.v:225]
CRITICAL WARNING: [Synth 8-6859] multi-driven net on pin Q with 1st driver pin 'inst/PRN_Data_Gen_IP_v1_0_S00_AXI_inst/slv_reg2_reg[8]/Q' [c:/Users/jasnoorsandhu/XILINX_Projects/OTFS/PRN_Data_Gen/PRN_Data_Gen.srcs/sources_1/bd/design_prn/ipshared/bb58/hdl/PRN_Data_Gen_IP_v1_0_S00_AXI.v:225]
CRITICAL WARNING: [Synth 8-6859] multi-driven net on pin Q with 2nd driver pin 'GND' [c:/Users/jasnoorsandhu/XILINX_Projects/OTFS/PRN_Data_Gen/PRN_Data_Gen.srcs/sources_1/bd/design_prn/ipshared/bb58/hdl/PRN_Data_Gen_IP_v1_0_S00_AXI.v:225]
CRITICAL WARNING: [Synth 8-6858] multi-driven net Q is connected to at least one constant driver which has been preserved, other driver is ignored [c:/Users/jasnoorsandhu/XILINX_Projects/OTFS/PRN_Data_Gen/PRN_Data_Gen.srcs/sources_1/bd/design_prn/ipshared/bb58/hdl/PRN_Data_Gen_IP_v1_0_S00_AXI.v:225]
CRITICAL WARNING: [Synth 8-6859] multi-driven net on pin Q with 1st driver pin 'inst/PRN_Data_Gen_IP_v1_0_S00_AXI_inst/slv_reg2_reg[7]/Q' [c:/Users/jasnoorsandhu/XILINX_Projects/OTFS/PRN_Data_Gen/PRN_Data_Gen.srcs/sources_1/bd/design_prn/ipshared/bb58/hdl/PRN_Data_Gen_IP_v1_0_S00_AXI.v:225]
CRITICAL WARNING: [Synth 8-6859] multi-driven net on pin Q with 2nd driver pin 'GND' [c:/Users/jasnoorsandhu/XILINX_Projects/OTFS/PRN_Data_Gen/PRN_Data_Gen.srcs/sources_1/bd/design_prn/ipshared/bb58/hdl/PRN_Data_Gen_IP_v1_0_S00_AXI.v:225]
CRITICAL WARNING: [Synth 8-6858] multi-driven net Q is connected to at least one constant driver which has been preserved, other driver is ignored [c:/Users/jasnoorsandhu/XILINX_Projects/OTFS/PRN_Data_Gen/PRN_Data_Gen.srcs/sources_1/bd/design_prn/ipshared/bb58/hdl/PRN_Data_Gen_IP_v1_0_S00_AXI.v:225]
CRITICAL WARNING: [Synth 8-6859] multi-driven net on pin Q with 1st driver pin 'inst/PRN_Data_Gen_IP_v1_0_S00_AXI_inst/slv_reg2_reg[6]/Q' [c:/Users/jasnoorsandhu/XILINX_Projects/OTFS/PRN_Data_Gen/PRN_Data_Gen.srcs/sources_1/bd/design_prn/ipshared/bb58/hdl/PRN_Data_Gen_IP_v1_0_S00_AXI.v:225]
CRITICAL WARNING: [Synth 8-6859] multi-driven net on pin Q with 2nd driver pin 'GND' [c:/Users/jasnoorsandhu/XILINX_Projects/OTFS/PRN_Data_Gen/PRN_Data_Gen.srcs/sources_1/bd/design_prn/ipshared/bb58/hdl/PRN_Data_Gen_IP_v1_0_S00_AXI.v:225]
CRITICAL WARNING: [Synth 8-6858] multi-driven net Q is connected to at least one constant driver which has been preserved, other driver is ignored [c:/Users/jasnoorsandhu/XILINX_Projects/OTFS/PRN_Data_Gen/PRN_Data_Gen.srcs/sources_1/bd/design_prn/ipshared/bb58/hdl/PRN_Data_Gen_IP_v1_0_S00_AXI.v:225]
CRITICAL WARNING: [Synth 8-6859] multi-driven net on pin Q with 1st driver pin 'inst/PRN_Data_Gen_IP_v1_0_S00_AXI_inst/slv_reg2_reg[5]/Q' [c:/Users/jasnoorsandhu/XILINX_Projects/OTFS/PRN_Data_Gen/PRN_Data_Gen.srcs/sources_1/bd/design_prn/ipshared/bb58/hdl/PRN_Data_Gen_IP_v1_0_S00_AXI.v:225]
CRITICAL WARNING: [Synth 8-6859] multi-driven net on pin Q with 2nd driver pin 'GND' [c:/Users/jasnoorsandhu/XILINX_Projects/OTFS/PRN_Data_Gen/PRN_Data_Gen.srcs/sources_1/bd/design_prn/ipshared/bb58/hdl/PRN_Data_Gen_IP_v1_0_S00_AXI.v:225]
CRITICAL WARNING: [Synth 8-6858] multi-driven net Q is connected to at least one constant driver which has been preserved, other driver is ignored [c:/Users/jasnoorsandhu/XILINX_Projects/OTFS/PRN_Data_Gen/PRN_Data_Gen.srcs/sources_1/bd/design_prn/ipshared/bb58/hdl/PRN_Data_Gen_IP_v1_0_S00_AXI.v:225]
CRITICAL WARNING: [Synth 8-6859] multi-driven net on pin Q with 1st driver pin 'inst/PRN_Data_Gen_IP_v1_0_S00_AXI_inst/slv_reg2_reg[4]/Q' [c:/Users/jasnoorsandhu/XILINX_Projects/OTFS/PRN_Data_Gen/PRN_Data_Gen.srcs/sources_1/bd/design_prn/ipshared/bb58/hdl/PRN_Data_Gen_IP_v1_0_S00_AXI.v:225]
CRITICAL WARNING: [Synth 8-6859] multi-driven net on pin Q with 2nd driver pin 'GND' [c:/Users/jasnoorsandhu/XILINX_Projects/OTFS/PRN_Data_Gen/PRN_Data_Gen.srcs/sources_1/bd/design_prn/ipshared/bb58/hdl/PRN_Data_Gen_IP_v1_0_S00_AXI.v:225]
CRITICAL WARNING: [Synth 8-6858] multi-driven net Q is connected to at least one constant driver which has been preserved, other driver is ignored [c:/Users/jasnoorsandhu/XILINX_Projects/OTFS/PRN_Data_Gen/PRN_Data_Gen.srcs/sources_1/bd/design_prn/ipshared/bb58/hdl/PRN_Data_Gen_IP_v1_0_S00_AXI.v:225]
CRITICAL WARNING: [Synth 8-6859] multi-driven net on pin Q with 1st driver pin 'inst/PRN_Data_Gen_IP_v1_0_S00_AXI_inst/slv_reg2_reg[3]/Q' [c:/Users/jasnoorsandhu/XILINX_Projects/OTFS/PRN_Data_Gen/PRN_Data_Gen.srcs/sources_1/bd/design_prn/ipshared/bb58/hdl/PRN_Data_Gen_IP_v1_0_S00_AXI.v:225]
CRITICAL WARNING: [Synth 8-6859] multi-driven net on pin Q with 2nd driver pin 'GND' [c:/Users/jasnoorsandhu/XILINX_Projects/OTFS/PRN_Data_Gen/PRN_Data_Gen.srcs/sources_1/bd/design_prn/ipshared/bb58/hdl/PRN_Data_Gen_IP_v1_0_S00_AXI.v:225]
CRITICAL WARNING: [Synth 8-6858] multi-driven net Q is connected to at least one constant driver which has been preserved, other driver is ignored [c:/Users/jasnoorsandhu/XILINX_Projects/OTFS/PRN_Data_Gen/PRN_Data_Gen.srcs/sources_1/bd/design_prn/ipshared/bb58/hdl/PRN_Data_Gen_IP_v1_0_S00_AXI.v:225]
CRITICAL WARNING: [Synth 8-6859] multi-driven net on pin Q with 1st driver pin 'inst/PRN_Data_Gen_IP_v1_0_S00_AXI_inst/slv_reg2_reg[2]/Q' [c:/Users/jasnoorsandhu/XILINX_Projects/OTFS/PRN_Data_Gen/PRN_Data_Gen.srcs/sources_1/bd/design_prn/ipshared/bb58/hdl/PRN_Data_Gen_IP_v1_0_S00_AXI.v:225]
CRITICAL WARNING: [Synth 8-6859] multi-driven net on pin Q with 2nd driver pin 'GND' [c:/Users/jasnoorsandhu/XILINX_Projects/OTFS/PRN_Data_Gen/PRN_Data_Gen.srcs/sources_1/bd/design_prn/ipshared/bb58/hdl/PRN_Data_Gen_IP_v1_0_S00_AXI.v:225]
CRITICAL WARNING: [Synth 8-6858] multi-driven net Q is connected to at least one constant driver which has been preserved, other driver is ignored [c:/Users/jasnoorsandhu/XILINX_Projects/OTFS/PRN_Data_Gen/PRN_Data_Gen.srcs/sources_1/bd/design_prn/ipshared/bb58/hdl/PRN_Data_Gen_IP_v1_0_S00_AXI.v:225]
CRITICAL WARNING: [Synth 8-6859] multi-driven net on pin Q with 1st driver pin 'inst/PRN_Data_Gen_IP_v1_0_S00_AXI_inst/slv_reg2_reg[1]/Q' [c:/Users/jasnoorsandhu/XILINX_Projects/OTFS/PRN_Data_Gen/PRN_Data_Gen.srcs/sources_1/bd/design_prn/ipshared/bb58/hdl/PRN_Data_Gen_IP_v1_0_S00_AXI.v:225]
CRITICAL WARNING: [Synth 8-6859] multi-driven net on pin Q with 2nd driver pin 'GND' [c:/Users/jasnoorsandhu/XILINX_Projects/OTFS/PRN_Data_Gen/PRN_Data_Gen.srcs/sources_1/bd/design_prn/ipshared/bb58/hdl/PRN_Data_Gen_IP_v1_0_S00_AXI.v:225]
CRITICAL WARNING: [Synth 8-6858] multi-driven net Q is connected to at least one constant driver which has been preserved, other driver is ignored [c:/Users/jasnoorsandhu/XILINX_Projects/OTFS/PRN_Data_Gen/PRN_Data_Gen.srcs/sources_1/bd/design_prn/ipshared/bb58/hdl/PRN_Data_Gen_IP_v1_0_S00_AXI.v:225]
CRITICAL WARNING: [Synth 8-6859] multi-driven net on pin Q with 1st driver pin 'inst/PRN_Data_Gen_IP_v1_0_S00_AXI_inst/slv_reg2_reg[0]/Q' [c:/Users/jasnoorsandhu/XILINX_Projects/OTFS/PRN_Data_Gen/PRN_Data_Gen.srcs/sources_1/bd/design_prn/ipshared/bb58/hdl/PRN_Data_Gen_IP_v1_0_S00_AXI.v:225]
CRITICAL WARNING: [Synth 8-6859] multi-driven net on pin Q with 2nd driver pin 'GND' [c:/Users/jasnoorsandhu/XILINX_Projects/OTFS/PRN_Data_Gen/PRN_Data_Gen.srcs/sources_1/bd/design_prn/ipshared/bb58/hdl/PRN_Data_Gen_IP_v1_0_S00_AXI.v:225]
CRITICAL WARNING: [Synth 8-6858] multi-driven net Q is connected to at least one constant driver which has been preserved, other driver is ignored [c:/Users/jasnoorsandhu/XILINX_Projects/OTFS/PRN_Data_Gen/PRN_Data_Gen.srcs/sources_1/bd/design_prn/ipshared/bb58/hdl/PRN_Data_Gen_IP_v1_0_S00_AXI.v:225]
---------------------------------------------------------------------------------
Finished Cross Boundary and Area Optimization : Time (s): cpu = 00:00:49 ; elapsed = 00:00:55 . Memory (MB): peak = 1186.566 ; gain = 403.551
---------------------------------------------------------------------------------

Report RTL Partitions: 
+-+--------------+------------+----------+
| |RTL Partition |Replication |Instances |
+-+--------------+------------+----------+
+-+--------------+------------+----------+
---------------------------------------------------------------------------------
Start Applying XDC Timing Constraints
---------------------------------------------------------------------------------
---------------------------------------------------------------------------------
Finished Applying XDC Timing Constraints : Time (s): cpu = 00:01:41 ; elapsed = 00:01:50 . Memory (MB): peak = 1186.566 ; gain = 403.551
---------------------------------------------------------------------------------
---------------------------------------------------------------------------------
Start Timing Optimization
---------------------------------------------------------------------------------
---------------------------------------------------------------------------------
Finished Timing Optimization : Time (s): cpu = 00:01:41 ; elapsed = 00:01:50 . Memory (MB): peak = 1186.566 ; gain = 403.551
---------------------------------------------------------------------------------

Report RTL Partitions: 
+-+--------------+------------+----------+
| |RTL Partition |Replication |Instances |
+-+--------------+------------+----------+
+-+--------------+------------+----------+
---------------------------------------------------------------------------------
Start Technology Mapping
---------------------------------------------------------------------------------
---------------------------------------------------------------------------------
Finished Technology Mapping : Time (s): cpu = 00:01:42 ; elapsed = 00:01:50 . Memory (MB): peak = 1186.566 ; gain = 403.551
---------------------------------------------------------------------------------

Report RTL Partitions: 
+-+--------------+------------+----------+
| |RTL Partition |Replication |Instances |
+-+--------------+------------+----------+
+-+--------------+------------+----------+
---------------------------------------------------------------------------------
Start IO Insertion
---------------------------------------------------------------------------------
---------------------------------------------------------------------------------
Start Flattening Before IO Insertion
---------------------------------------------------------------------------------
---------------------------------------------------------------------------------
Finished Flattening Before IO Insertion
---------------------------------------------------------------------------------
---------------------------------------------------------------------------------
Start Final Netlist Cleanup
---------------------------------------------------------------------------------
---------------------------------------------------------------------------------
Finished Final Netlist Cleanup
---------------------------------------------------------------------------------
---------------------------------------------------------------------------------
Finished IO Insertion : Time (s): cpu = 00:01:56 ; elapsed = 00:02:05 . Memory (MB): peak = 1198.379 ; gain = 415.363
---------------------------------------------------------------------------------
---------------------------------------------------------------------------------
Start Renaming Generated Instances
---------------------------------------------------------------------------------
---------------------------------------------------------------------------------
Finished Renaming Generated Instances : Time (s): cpu = 00:01:56 ; elapsed = 00:02:05 . Memory (MB): peak = 1198.379 ; gain = 415.363
---------------------------------------------------------------------------------

Report RTL Partitions: 
+-+--------------+------------+----------+
| |RTL Partition |Replication |Instances |
+-+--------------+------------+----------+
+-+--------------+------------+----------+

Report Check Netlist: 
+------+------------------+-------+---------+-------+------------------+
|      |Item              |Errors |Warnings |Status |Description       |
+------+------------------+-------+---------+-------+------------------+
|1     |multi_driven_nets |      0|        0|Passed |Multi driven nets |
+------+------------------+-------+---------+-------+------------------+
---------------------------------------------------------------------------------
Start Rebuilding User Hierarchy
---------------------------------------------------------------------------------
---------------------------------------------------------------------------------
Finished Rebuilding User Hierarchy : Time (s): cpu = 00:01:56 ; elapsed = 00:02:05 . Memory (MB): peak = 1198.379 ; gain = 415.363
---------------------------------------------------------------------------------
---------------------------------------------------------------------------------
Start Renaming Generated Ports
---------------------------------------------------------------------------------
---------------------------------------------------------------------------------
Finished Renaming Generated Ports : Time (s): cpu = 00:01:56 ; elapsed = 00:02:05 . Memory (MB): peak = 1198.379 ; gain = 415.363
---------------------------------------------------------------------------------
---------------------------------------------------------------------------------
Start Handling Custom Attributes
---------------------------------------------------------------------------------
---------------------------------------------------------------------------------
Finished Handling Custom Attributes : Time (s): cpu = 00:01:56 ; elapsed = 00:02:05 . Memory (MB): peak = 1198.379 ; gain = 415.363
---------------------------------------------------------------------------------
---------------------------------------------------------------------------------
Start Renaming Generated Nets
---------------------------------------------------------------------------------
---------------------------------------------------------------------------------
Finished Renaming Generated Nets : Time (s): cpu = 00:01:56 ; elapsed = 00:02:05 . Memory (MB): peak = 1198.379 ; gain = 415.363
---------------------------------------------------------------------------------
---------------------------------------------------------------------------------
Start Writing Synthesis Report
---------------------------------------------------------------------------------

Report BlackBoxes: 
+-+--------------+----------+
| |BlackBox name |Instances |
+-+--------------+----------+
+-+--------------+----------+

Report Cell Usage: 
+------+-----+------+
|      |Cell |Count |
+------+-----+------+
|1     |LUT1 |     1|
|2     |LUT2 |     1|
|3     |LUT3 |     1|
|4     |LUT4 |    18|
|5     |LUT5 |    32|
|6     |LUT6 |     4|
|7     |FDRE |   137|
|8     |FDSE |     1|
+------+-----+------+

Report Instance Areas: 
+------+--------------------------------------+-----------------------------+------+
|      |Instance                              |Module                       |Cells |
+------+--------------------------------------+-----------------------------+------+
|1     |top                                   |                             |   195|
|2     |  inst                                |PRN_Data_Gen_IP_v1_0         |   195|
|3     |    PRN_Data_Gen_IP_v1_0_S00_AXI_inst |PRN_Data_Gen_IP_v1_0_S00_AXI |   195|
+------+--------------------------------------+-----------------------------+------+
---------------------------------------------------------------------------------
Finished Writing Synthesis Report : Time (s): cpu = 00:01:56 ; elapsed = 00:02:05 . Memory (MB): peak = 1198.379 ; gain = 415.363
---------------------------------------------------------------------------------
Synthesis finished with 0 errors, 96 critical warnings and 6 warnings.
Synthesis Optimization Runtime : Time (s): cpu = 00:01:29 ; elapsed = 00:01:57 . Memory (MB): peak = 1198.379 ; gain = 321.527
Synthesis Optimization Complete : Time (s): cpu = 00:01:57 ; elapsed = 00:02:06 . Memory (MB): peak = 1198.379 ; gain = 415.363
INFO: [Project 1-571] Translating synthesized netlist
Netlist sorting complete. Time (s): cpu = 00:00:00 ; elapsed = 00:00:00.013 . Memory (MB): peak = 1206.793 ; gain = 0.000
INFO: [Project 1-570] Preparing netlist for logic optimization
INFO: [Opt 31-138] Pushed 0 inverter(s) to 0 load pin(s).
Netlist sorting complete. Time (s): cpu = 00:00:00 ; elapsed = 00:00:00 . Memory (MB): peak = 1220.652 ; gain = 0.000
INFO: [Project 1-111] Unisim Transformation Summary:
No Unisim elements were transformed.

INFO: [Common 17-83] Releasing license: Synthesis
24 Infos, 14 Warnings, 96 Critical Warnings and 0 Errors encountered.
synth_design completed successfully
synth_design: Time (s): cpu = 00:02:20 ; elapsed = 00:02:40 . Memory (MB): peak = 1220.652 ; gain = 736.223
Netlist sorting complete. Time (s): cpu = 00:00:00 ; elapsed = 00:00:00.013 . Memory (MB): peak = 1220.652 ; gain = 0.000
WARNING: [Constraints 18-5210] No constraints selected for write.
Resolution: This message can indicate that there are no constraints for the design, or it can indicate that the used_in flags are set such that the constraints are ignored. This later case is used when running synth_design to not write synthesis constraints to the resulting checkpoint. Instead, project constraints are read when the synthesized design is opened.
INFO: [Common 17-1381] The checkpoint 'C:/Users/jasnoorsandhu/XILINX_Projects/OTFS/PRN_Data_Gen/PRN_Data_Gen.runs/design_prn_PRN_Data_Gen_IP_0_0_synth_1/design_prn_PRN_Data_Gen_IP_0_0.dcp' has been generated.
WARNING: [Common 17-576] 'use_project_ipc' is deprecated. This option is deprecated and no longer used.
INFO: [Coretcl 2-1648] Added synthesis output to IP cache for IP design_prn_PRN_Data_Gen_IP_0_0, cache-ID = 4c274bec7bd1f46c
INFO: [Coretcl 2-1174] Renamed 2 cell refs.
Netlist sorting complete. Time (s): cpu = 00:00:00 ; elapsed = 00:00:00.001 . Memory (MB): peak = 1220.652 ; gain = 0.000
WARNING: [Constraints 18-5210] No constraints selected for write.
Resolution: This message can indicate that there are no constraints for the design, or it can indicate that the used_in flags are set such that the constraints are ignored. This later case is used when running synth_design to not write synthesis constraints to the resulting checkpoint. Instead, project constraints are read when the synthesized design is opened.
INFO: [Common 17-1381] The checkpoint 'C:/Users/jasnoorsandhu/XILINX_Projects/OTFS/PRN_Data_Gen/PRN_Data_Gen.runs/design_prn_PRN_Data_Gen_IP_0_0_synth_1/design_prn_PRN_Data_Gen_IP_0_0.dcp' has been generated.
INFO: [runtcl-4] Executing : report_utilization -file design_prn_PRN_Data_Gen_IP_0_0_utilization_synth.rpt -pb design_prn_PRN_Data_Gen_IP_0_0_utilization_synth.pb
INFO: [Common 17-206] Exiting Vivado at Fri Oct  4 15:51:17 2024...
